<?xml version="1.0" encoding="UTF-8"?>
<!-- Generated by org.testng.reporters.JUnitXMLReporter -->
<testsuite ignored="0" hostname="DESKTOP-55L81PJ" failures="2" tests="3" name="ContactFlow" time="40.421" errors="0" timestamp="2025-08-25T02:05:54 IST">
  <testcase classname="com.ninza.crm.tests.contacts.CreateContactTest" name="testCreateContact" time="6.084"/>
  <testcase classname="com.ninza.crm.tests.contacts.EditContactTest" name="testEditContact" time="10.38">
    <failure type="org.openqa.selenium.NoSuchElementException" message="Cannot locate option with value: CON01922
For documentation on this error, please visit: https://www.selenium.dev/documentation/webdriver/troubleshooting/errors#no-such-element-exception
Build info: version: &amp;apos;4.28.1&amp;apos;, revision: &amp;apos;73f5ad48a2&amp;apos;
System info: os.name: &amp;apos;Windows 11&amp;apos;, os.arch: &amp;apos;amd64&amp;apos;, os.version: &amp;apos;10.0&amp;apos;, java.version: &amp;apos;21.0.7&amp;apos;
Driver info: driver.version: unknown">
      <![CDATA[org.openqa.selenium.NoSuchElementException: Cannot locate option with value: CON01922
For documentation on this error, please visit: https://www.selenium.dev/documentation/webdriver/troubleshooting/errors#no-such-element-exception
Build info: version: '4.28.1', revision: '73f5ad48a2'
System info: os.name: 'Windows 11', os.arch: 'amd64', os.version: '10.0', java.version: '21.0.7'
Driver info: driver.version: unknown
at org.openqa.selenium.support.ui.Select.findOptionsByValue(Select.java:393)
at org.openqa.selenium.support.ui.Select.selectByValue(Select.java:277)
at com.ninza.crm.generic.utility.WebDriverUtility.selectByValue(WebDriverUtility.java:42)
at com.ninza.crm.object.repository.ContactsPage.editContact(ContactsPage.java:134)
at com.ninza.crm.tests.contacts.EditContactTest.testEditContact(EditContactTest.java:24)
at java.base/java.util.ArrayList.forEach(ArrayList.java:1596)
... Removed 25 stack frames]]>
    </failure>
  </testcase> <!-- testEditContact -->
  <testcase classname="com.ninza.crm.tests.contacts.DeleteContactTest" name="deleteContact" time="0.002">
    <failure type="java.lang.NullPointerException" message="Cannot invoke &amp;quot;com.ninza.crm.object.repository.ContactsPage.deleteContact(String, String, String)&amp;quot; because &amp;quot;this.cp&amp;quot; is null">
      <![CDATA[java.lang.NullPointerException: Cannot invoke "com.ninza.crm.object.repository.ContactsPage.deleteContact(String, String, String)" because "this.cp" is null
at com.ninza.crm.tests.contacts.DeleteContactTest.deleteContact(DeleteContactTest.java:16)
at java.base/java.util.ArrayList.forEach(ArrayList.java:1596)
... Removed 25 stack frames]]>
    </failure>
  </testcase> <!-- deleteContact -->
</testsuite> <!-- ContactFlow -->
