<?xml version="1.0" encoding="UTF-8"?>
<testng-results ignored="0" total="3" passed="1" failed="2" skipped="0">
  <reporter-output>
  </reporter-output>
  <suite started-at="2025-08-25T02:05:14 IST" name="Suite" finished-at="2025-08-25T02:05:54 IST" duration-ms="40421">
    <groups>
    </groups>
    <test started-at="2025-08-25T02:05:14 IST" name="ContactFlow" finished-at="2025-08-25T02:05:54 IST" duration-ms="40421">
      <class name="com.ninza.crm.tests.contacts.DeleteContactTest">
        <test-method is-config="true" signature="browserLaunch(org.testng.ITestContext)[pri:0, instance:com.ninza.crm.tests.contacts.DeleteContactTest@6989da5e]" started-at="2025-08-25T02:05:47 IST" name="browserLaunch" finished-at="2025-08-25T02:05:48 IST" duration-ms="1243" status="PASS">
          <params>
            <param index="0">
              <value>
                <![CDATA[org.testng.TestRunner@2cb3d0f7]]>
              </value>
            </param>
          </params>
          <reporter-output>
          </reporter-output>
        </test-method> <!-- browserLaunch -->
        <test-method is-config="true" signature="login()[pri:0, instance:com.ninza.crm.tests.contacts.DeleteContactTest@6989da5e]" started-at="2025-08-25T02:05:48 IST" name="login" finished-at="2025-08-25T02:05:54 IST" duration-ms="5965" status="PASS">
          <reporter-output>
          </reporter-output>
        </test-method> <!-- login -->
        <test-method signature="deleteContact(org.testng.ITestContext)[pri:3, instance:com.ninza.crm.tests.contacts.DeleteContactTest@6989da5e]" started-at="2025-08-25T02:05:54 IST" name="deleteContact" finished-at="2025-08-25T02:05:54 IST" duration-ms="2" status="FAIL">
          <params>
            <param index="0">
              <value>
                <![CDATA[org.testng.TestRunner@2cb3d0f7]]>
              </value>
            </param>
          </params>
          <exception class="java.lang.NullPointerException">
            <message>
              <![CDATA[Cannot invoke "com.ninza.crm.object.repository.ContactsPage.deleteContact(String, String, String)" because "this.cp" is null]]>
            </message>
            <full-stacktrace>
              <![CDATA[java.lang.NullPointerException: Cannot invoke "com.ninza.crm.object.repository.ContactsPage.deleteContact(String, String, String)" because "this.cp" is null
at com.ninza.crm.tests.contacts.DeleteContactTest.deleteContact(DeleteContactTest.java:16)
at java.base/jdk.internal.reflect.DirectMethodHandleAccessor.invoke(DirectMethodHandleAccessor.java:103)
at java.base/java.lang.reflect.Method.invoke(Method.java:580)
at org.testng.internal.invokers.MethodInvocationHelper.invokeMethod(MethodInvocationHelper.java:141)
at org.testng.internal.invokers.TestInvoker.invokeMethod(TestInvoker.java:686)
at org.testng.internal.invokers.TestInvoker.invokeTestMethod(TestInvoker.java:230)
at org.testng.internal.invokers.MethodRunner.runInSequence(MethodRunner.java:63)
at org.testng.internal.invokers.TestInvoker$MethodInvocationAgent.invoke(TestInvoker.java:992)
at org.testng.internal.invokers.TestInvoker.invokeTestMethods(TestInvoker.java:203)
at org.testng.internal.invokers.TestMethodWorker.invokeTestMethods(TestMethodWorker.java:154)
at org.testng.internal.invokers.TestMethodWorker.run(TestMethodWorker.java:134)
at java.base/java.util.ArrayList.forEach(ArrayList.java:1596)
at org.testng.TestRunner.privateRun(TestRunner.java:739)
at org.testng.TestRunner.run(TestRunner.java:614)
at org.testng.SuiteRunner.runTest(SuiteRunner.java:421)
at org.testng.SuiteRunner.runSequentially(SuiteRunner.java:413)
at org.testng.SuiteRunner.privateRun(SuiteRunner.java:373)
at org.testng.SuiteRunner.run(SuiteRunner.java:312)
at org.testng.SuiteRunnerWorker.runSuite(SuiteRunnerWorker.java:52)
at org.testng.SuiteRunnerWorker.run(SuiteRunnerWorker.java:95)
at org.testng.TestNG.runSuitesSequentially(TestNG.java:1274)
at org.testng.TestNG.runSuitesLocally(TestNG.java:1208)
at org.testng.TestNG.runSuites(TestNG.java:1112)
at org.testng.TestNG.run(TestNG.java:1079)
at org.testng.remote.AbstractRemoteTestNG.run(AbstractRemoteTestNG.java:115)
at org.testng.remote.RemoteTestNG.initAndRun(RemoteTestNG.java:293)
at org.testng.remote.RemoteTestNG.main(RemoteTestNG.java:91)
]]>
            </full-stacktrace>
          </exception> <!-- java.lang.NullPointerException -->
          <reporter-output>
          </reporter-output>
        </test-method> <!-- deleteContact -->
        <test-method is-config="true" signature="logOut()[pri:0, instance:com.ninza.crm.tests.contacts.DeleteContactTest@6989da5e]" started-at="2025-08-25T02:05:54 IST" name="logOut" finished-at="2025-08-25T02:05:54 IST" duration-ms="1" status="PASS">
          <reporter-output>
          </reporter-output>
        </test-method> <!-- logOut -->
        <test-method is-config="true" signature="tearDown()[pri:0, instance:com.ninza.crm.tests.contacts.DeleteContactTest@6989da5e]" started-at="2025-08-25T02:05:54 IST" name="tearDown" finished-at="2025-08-25T02:05:54 IST" duration-ms="205" status="PASS">
          <reporter-output>
          </reporter-output>
        </test-method> <!-- tearDown -->
      </class> <!-- com.ninza.crm.tests.contacts.DeleteContactTest -->
      <class name="com.ninza.crm.tests.contacts.EditContactTest">
        <test-method is-config="true" signature="browserLaunch(org.testng.ITestContext)[pri:0, instance:com.ninza.crm.tests.contacts.EditContactTest@5aa9e4eb]" started-at="2025-08-25T02:05:29 IST" name="browserLaunch" finished-at="2025-08-25T02:05:30 IST" duration-ms="1081" status="PASS">
          <params>
            <param index="0">
              <value>
                <![CDATA[org.testng.TestRunner@2cb3d0f7]]>
              </value>
            </param>
          </params>
          <reporter-output>
          </reporter-output>
        </test-method> <!-- browserLaunch -->
        <test-method is-config="true" signature="login()[pri:0, instance:com.ninza.crm.tests.contacts.EditContactTest@5aa9e4eb]" started-at="2025-08-25T02:05:30 IST" name="login" finished-at="2025-08-25T02:05:36 IST" duration-ms="6373" status="PASS">
          <reporter-output>
          </reporter-output>
        </test-method> <!-- login -->
        <test-method signature="testEditContact(org.testng.ITestContext)[pri:2, instance:com.ninza.crm.tests.contacts.EditContactTest@5aa9e4eb]" started-at="2025-08-25T02:05:36 IST" name="testEditContact" finished-at="2025-08-25T02:05:47 IST" duration-ms="10380" status="FAIL">
          <params>
            <param index="0">
              <value>
                <![CDATA[org.testng.TestRunner@2cb3d0f7]]>
              </value>
            </param>
          </params>
          <exception class="org.openqa.selenium.NoSuchElementException">
            <message>
              <![CDATA[Cannot locate option with value: CON01922
For documentation on this error, please visit: https://www.selenium.dev/documentation/webdriver/troubleshooting/errors#no-such-element-exception
Build info: version: '4.28.1', revision: '73f5ad48a2'
System info: os.name: 'Windows 11', os.arch: 'amd64', os.version: '10.0', java.version: '21.0.7'
Driver info: driver.version: unknown]]>
            </message>
            <full-stacktrace>
              <![CDATA[org.openqa.selenium.NoSuchElementException: Cannot locate option with value: CON01922
For documentation on this error, please visit: https://www.selenium.dev/documentation/webdriver/troubleshooting/errors#no-such-element-exception
Build info: version: '4.28.1', revision: '73f5ad48a2'
System info: os.name: 'Windows 11', os.arch: 'amd64', os.version: '10.0', java.version: '21.0.7'
Driver info: driver.version: unknown
at org.openqa.selenium.support.ui.Select.findOptionsByValue(Select.java:393)
at org.openqa.selenium.support.ui.Select.selectByValue(Select.java:277)
at com.ninza.crm.generic.utility.WebDriverUtility.selectByValue(WebDriverUtility.java:42)
at com.ninza.crm.object.repository.ContactsPage.editContact(ContactsPage.java:134)
at com.ninza.crm.tests.contacts.EditContactTest.testEditContact(EditContactTest.java:24)
at java.base/jdk.internal.reflect.DirectMethodHandleAccessor.invoke(DirectMethodHandleAccessor.java:103)
at java.base/java.lang.reflect.Method.invoke(Method.java:580)
at org.testng.internal.invokers.MethodInvocationHelper.invokeMethod(MethodInvocationHelper.java:141)
at org.testng.internal.invokers.TestInvoker.invokeMethod(TestInvoker.java:686)
at org.testng.internal.invokers.TestInvoker.invokeTestMethod(TestInvoker.java:230)
at org.testng.internal.invokers.MethodRunner.runInSequence(MethodRunner.java:63)
at org.testng.internal.invokers.TestInvoker$MethodInvocationAgent.invoke(TestInvoker.java:992)
at org.testng.internal.invokers.TestInvoker.invokeTestMethods(TestInvoker.java:203)
at org.testng.internal.invokers.TestMethodWorker.invokeTestMethods(TestMethodWorker.java:154)
at org.testng.internal.invokers.TestMethodWorker.run(TestMethodWorker.java:134)
at java.base/java.util.ArrayList.forEach(ArrayList.java:1596)
at org.testng.TestRunner.privateRun(TestRunner.java:739)
at org.testng.TestRunner.run(TestRunner.java:614)
at org.testng.SuiteRunner.runTest(SuiteRunner.java:421)
at org.testng.SuiteRunner.runSequentially(SuiteRunner.java:413)
at org.testng.SuiteRunner.privateRun(SuiteRunner.java:373)
at org.testng.SuiteRunner.run(SuiteRunner.java:312)
at org.testng.SuiteRunnerWorker.runSuite(SuiteRunnerWorker.java:52)
at org.testng.SuiteRunnerWorker.run(SuiteRunnerWorker.java:95)
at org.testng.TestNG.runSuitesSequentially(TestNG.java:1274)
at org.testng.TestNG.runSuitesLocally(TestNG.java:1208)
at org.testng.TestNG.runSuites(TestNG.java:1112)
at org.testng.TestNG.run(TestNG.java:1079)
at org.testng.remote.AbstractRemoteTestNG.run(AbstractRemoteTestNG.java:115)
at org.testng.remote.RemoteTestNG.initAndRun(RemoteTestNG.java:293)
at org.testng.remote.RemoteTestNG.main(RemoteTestNG.java:91)
]]>
            </full-stacktrace>
          </exception> <!-- org.openqa.selenium.NoSuchElementException -->
          <reporter-output>
          </reporter-output>
        </test-method> <!-- testEditContact -->
        <test-method is-config="true" signature="logOut()[pri:0, instance:com.ninza.crm.tests.contacts.EditContactTest@5aa9e4eb]" started-at="2025-08-25T02:05:47 IST" name="logOut" finished-at="2025-08-25T02:05:47 IST" duration-ms="1" status="PASS">
          <reporter-output>
          </reporter-output>
        </test-method> <!-- logOut -->
        <test-method is-config="true" signature="tearDown()[pri:0, instance:com.ninza.crm.tests.contacts.EditContactTest@5aa9e4eb]" started-at="2025-08-25T02:05:47 IST" name="tearDown" finished-at="2025-08-25T02:05:47 IST" duration-ms="305" status="PASS">
          <reporter-output>
          </reporter-output>
        </test-method> <!-- tearDown -->
      </class> <!-- com.ninza.crm.tests.contacts.EditContactTest -->
      <class name="com.ninza.crm.tests.contacts.CreateContactTest">
        <test-method is-config="true" signature="browserLaunch(org.testng.ITestContext)[pri:0, instance:com.ninza.crm.tests.contacts.CreateContactTest@dd05255]" started-at="2025-08-25T02:05:14 IST" name="browserLaunch" finished-at="2025-08-25T02:05:16 IST" duration-ms="1849" status="PASS">
          <params>
            <param index="0">
              <value>
                <![CDATA[org.testng.TestRunner@2cb3d0f7]]>
              </value>
            </param>
          </params>
          <reporter-output>
          </reporter-output>
        </test-method> <!-- browserLaunch -->
        <test-method is-config="true" signature="login()[pri:0, instance:com.ninza.crm.tests.contacts.CreateContactTest@dd05255]" started-at="2025-08-25T02:05:16 IST" name="login" finished-at="2025-08-25T02:05:22 IST" duration-ms="6439" status="PASS">
          <reporter-output>
          </reporter-output>
        </test-method> <!-- login -->
        <test-method signature="testCreateContact(org.testng.ITestContext)[pri:1, instance:com.ninza.crm.tests.contacts.CreateContactTest@dd05255]" started-at="2025-08-25T02:05:22 IST" name="testCreateContact" finished-at="2025-08-25T02:05:28 IST" duration-ms="6084" status="PASS">
          <params>
            <param index="0">
              <value>
                <![CDATA[org.testng.TestRunner@2cb3d0f7]]>
              </value>
            </param>
          </params>
          <reporter-output>
          </reporter-output>
        </test-method> <!-- testCreateContact -->
        <test-method is-config="true" signature="logOut()[pri:0, instance:com.ninza.crm.tests.contacts.CreateContactTest@dd05255]" started-at="2025-08-25T02:05:28 IST" name="logOut" finished-at="2025-08-25T02:05:28 IST" duration-ms="2" status="PASS">
          <reporter-output>
          </reporter-output>
        </test-method> <!-- logOut -->
        <test-method is-config="true" signature="tearDown()[pri:0, instance:com.ninza.crm.tests.contacts.CreateContactTest@dd05255]" started-at="2025-08-25T02:05:28 IST" name="tearDown" finished-at="2025-08-25T02:05:29 IST" duration-ms="418" status="PASS">
          <reporter-output>
          </reporter-output>
        </test-method> <!-- tearDown -->
      </class> <!-- com.ninza.crm.tests.contacts.CreateContactTest -->
    </test> <!-- ContactFlow -->
  </suite> <!-- Suite -->
</testng-results>
